#
# A fatal error has been detected by the Java Runtime Environment:
#
#  EXCEPTION_ACCESS_VIOLATION (0xc0000005) at pc=0x00007ffab2601b85, pid=16616, tid=12152
#
# JRE version:  (17.0.11+7) (build )
# Java VM: Java HotSpot(TM) 64-Bit Server VM (17.0.11+7-LTS-207, mixed mode, sharing, tiered, unknown gc, windows-amd64)
# Problematic frame:
# C  [jimage.dll+0x1b85]
#
# No core dump will be written. Minidumps are not enabled by default on client versions of Windows
#
#

---------------  S U M M A R Y ------------

Command Line: 

Host: Intel(R) Core(TM) i3-1005G1 CPU @ 1.20GHz, 4 cores, 3G,  Windows 10 , 64 bit Build 19041 (10.0.19041.4842)
Time: Thu Sep 26 23:08:08 2024 Hora est. Pacífico, Sudamérica elapsed time: 0.011354 seconds (0d 0h 0m 0s)

---------------  T H R E A D  ---------------

Current thread is native thread

Stack: [0x00000099d1600000,0x00000099d1700000],  sp=0x00000099d16fe030,  free space=1016k
Native frames: (J=compiled Java code, j=interpreted, Vv=VM code, C=native code)
C  [jimage.dll+0x1b85]


siginfo: EXCEPTION_ACCESS_VIOLATION (0xc0000005), reading address 0x000000000000307c


Registers:
RAX=0x0000000000000c18, RBX=0x00000099d16fe121, RCX=0x00007ffab2606000, RDX=0x0000000000000c18
RSP=0x00000099d16fe030, RBP=0x00000099d16fe120, RSI=0x0000000000007207, RDI=0x00000099d16fe120
R8 =0x00007ffab2604298, R9 =0x000000000000001c, R10=0x00007ffab1610000, R11=0x00007ffab2606000
R12=0x0000000000000000, R13=0x0000025f89149810, R14=0x00000099d16ff190, R15=0x00007ffa2b9ad368
RIP=0x00007ffab2601b85, EFLAGS=0x0000000000010246


Top of Stack: (sp=0x00000099d16fe030)
0x00000099d16fe030:   0000000089130101 00007ffac0310d00
0x00000099d16fe040:   0000000000000011 0000025f8913f900
0x00000099d16fe050:   0000025f89136800 00007ffab2601d13
0x00000099d16fe060:   000000000000000b 0000025f89136800
0x00000099d16fe070:   0000000000000011 0000000000000000
0x00000099d16fe080:   00000099d16fe094 0000025f890a0f00
0x00000099d16fe090:   0000000000000000 0000000000000000
0x00000099d16fe0a0:   0000000000000000 0000025f89136a00
0x00000099d16fe0b0:   0000000000180016 0000025f891469b8
0x00000099d16fe0c0:   00002ac477e4ed45 0000025f89137ecc
0x00000099d16fe0d0:   00007ffa2b98bef0 0000000000000017
0x00000099d16fe0e0:   0000025f89136800 00000099d16ff190
0x00000099d16fe0f0:   000000000000000b 00007ffab26025d9
0x00000099d16fe100:   0045005400530059 0000000000000011
0x00000099d16fe110:   0048004700420044 002e005003000003
0x00000099d16fe120:   61622e6176616a2f 692f6b646a2f6573 

Instructions: (pc=0x00007ffab2601b85)
0x00007ffab2601a85:   48 85 c9 74 1d 80 3d 7f 45 00 00 00 74 06 48 8b
0x00007ffab2601a95:   53 18 eb 04 48 8b 53 40 e8 96 0e 00 00 48 83 63
0x00007ffab2601aa5:   48 00 8b 4b 0c 83 f9 ff 74 09 e8 cc 0c 00 00 83
0x00007ffab2601ab5:   4b 0c ff 48 8b 4b 70 48 85 c9 74 0f ba 10 00 00
0x00007ffab2601ac5:   00 e8 ed 0e 00 00 48 83 63 70 00 48 83 c4 20 5b
0x00007ffab2601ad5:   c3 cc cc 40 53 48 83 ec 20 48 8b d9 48 8d 0d 38
0x00007ffab2601ae5:   47 00 00 e8 9b 0c 00 00 83 6b 08 01 75 24 48 8b
0x00007ffab2601af5:   d3 48 8d 0d 1b 45 00 00 e8 22 08 00 00 48 8b cb
0x00007ffab2601b05:   e8 d6 fe ff ff ba 78 00 00 00 48 8b cb e8 a1 0e
0x00007ffab2601b15:   00 00 48 8d 0d 02 47 00 00 48 83 c4 20 5b e9 68
0x00007ffab2601b25:   0c 00 00 48 89 5c 24 08 48 89 74 24 10 57 48 83
0x00007ffab2601b35:   ec 20 41 8b f1 4d 8b c8 48 8b fa 4c 8b d9 4d 85
0x00007ffab2601b45:   c0 74 78 85 f6 74 74 44 8a 12 48 8d 5a 01 48 8b
0x00007ffab2601b55:   d3 b8 93 01 00 01 eb 12 69 c0 93 01 00 01 41 0f
0x00007ffab2601b65:   b6 ca 44 8a 12 33 c1 48 ff c2 45 84 d2 75 e9 4d
0x00007ffab2601b75:   8b 03 0f ba f0 1f 33 d2 49 8b cb f7 f6 48 63 c2
0x00007ffab2601b85:   41 8b 14 81 41 ff 50 08 85 c0 7e 24 8a 0f eb 10
0x00007ffab2601b95:   69 c0 93 01 00 01 0f b6 c9 33 c1 8a 0b 48 ff c3
0x00007ffab2601ba5:   84 c9 75 ec 0f ba f0 1f 33 d2 f7 f6 8b c2 eb 0e
0x00007ffab2601bb5:   79 09 83 c9 ff 2b c8 8b c1 eb 03 83 c8 ff 48 8b
0x00007ffab2601bc5:   5c 24 30 48 8b 74 24 38 48 83 c4 20 5f c3 cc 48
0x00007ffab2601bd5:   89 5c 24 08 48 89 74 24 10 57 48 83 ec 20 48 8b
0x00007ffab2601be5:   f1 48 8d 0d 33 46 00 00 e8 96 0b 00 00 33 ff 39
0x00007ffab2601bf5:   3d 1e 44 00 00 76 24 48 8b 05 1d 44 00 00 48 8b
0x00007ffab2601c05:   d6 48 8b 1c f8 48 8b 0b e8 68 1e 00 00 85 c0 74
0x00007ffab2601c15:   2b ff c7 3b 3d fa 43 00 00 72 dc 33 db 48 8d 0d
0x00007ffab2601c25:   f7 45 00 00 e8 62 0b 00 00 48 8b 74 24 38 48 8b
0x00007ffab2601c35:   c3 48 8b 5c 24 30 48 83 c4 20 5f c3 ff 43 08 eb
0x00007ffab2601c45:   dc cc cc 48 89 5c 24 08 48 89 74 24 10 57 48 83
0x00007ffab2601c55:   ec 20 48 8b d9 48 8b f2 48 8b 49 10 49 8b f8 8b
0x00007ffab2601c65:   53 30 48 8b 01 ff 50 20 4c 8b 43 50 48 8b d6 48
0x00007ffab2601c75:   8b 4b 10 44 8b c8 e8 a8 fe ff ff 83 f8 ff 74 38 



---------------  P R O C E S S  ---------------

VM state: not at safepoint (not fully initialized)

VM Mutex/Monitor currently owned by a thread: None

GC Precious Log:
<Not initialized>


Dynamic libraries:
0x00007ff649750000 - 0x00007ff649760000 	C:\Program Files\Java\jdk-17\bin\java.exe
0x00007ffac02b0000 - 0x00007ffac04a8000 	C:\WINDOWS\SYSTEM32\ntdll.dll
0x00007ffac01a0000 - 0x00007ffac0261000 	C:\WINDOWS\System32\KERNEL32.DLL
0x00007ffabddb0000 - 0x00007ffabe0ad000 	C:\WINDOWS\System32\KERNELBASE.dll
0x00007ffabd9f0000 - 0x00007ffabdaf0000 	C:\WINDOWS\System32\ucrtbase.dll
0x00007ffab1610000 - 0x00007ffab162b000 	C:\Program Files\Java\jdk-17\bin\VCRUNTIME140.dll
0x00007ffaa44f0000 - 0x00007ffaa4509000 	C:\Program Files\Java\jdk-17\bin\jli.dll
0x00007ffabf310000 - 0x00007ffabf3c0000 	C:\WINDOWS\System32\ADVAPI32.dll
0x00007ffabfbf0000 - 0x00007ffabfc8e000 	C:\WINDOWS\System32\msvcrt.dll
0x00007ffac0100000 - 0x00007ffac01a0000 	C:\WINDOWS\System32\sechost.dll
0x00007ffabe590000 - 0x00007ffabe6b3000 	C:\WINDOWS\System32\RPCRT4.dll
0x00007ffabdb20000 - 0x00007ffabdb47000 	C:\WINDOWS\System32\bcrypt.dll
0x00007ffabe2f0000 - 0x00007ffabe48d000 	C:\WINDOWS\System32\USER32.dll
0x00007ffaa0280000 - 0x00007ffaa051a000 	C:\WINDOWS\WinSxS\amd64_microsoft.windows.common-controls_6595b64144ccf1df_6.0.19041.4355_none_60b8b9eb71f62e16\COMCTL32.dll
0x00007ffabdaf0000 - 0x00007ffabdb12000 	C:\WINDOWS\System32\win32u.dll
0x00007ffabf440000 - 0x00007ffabf46b000 	C:\WINDOWS\System32\GDI32.dll
0x00007ffabe0b0000 - 0x00007ffabe1c7000 	C:\WINDOWS\System32\gdi32full.dll
0x00007ffabe240000 - 0x00007ffabe2dd000 	C:\WINDOWS\System32\msvcp_win.dll
0x00007ffab6bd0000 - 0x00007ffab6bda000 	C:\WINDOWS\SYSTEM32\VERSION.dll
0x00007ffabe560000 - 0x00007ffabe58f000 	C:\WINDOWS\System32\IMM32.DLL
0x00007ffab2b20000 - 0x00007ffab2b2c000 	C:\Program Files\Java\jdk-17\bin\vcruntime140_1.dll
0x00007ffa4d430000 - 0x00007ffa4d4be000 	C:\Program Files\Java\jdk-17\bin\msvcp140.dll
0x00007ffa2b0d0000 - 0x00007ffa2bcb0000 	C:\Program Files\Java\jdk-17\bin\server\jvm.dll
0x00007ffabe2e0000 - 0x00007ffabe2e8000 	C:\WINDOWS\System32\PSAPI.DLL
0x00007ffa9ca60000 - 0x00007ffa9ca87000 	C:\WINDOWS\SYSTEM32\WINMM.dll
0x00007ffa99da0000 - 0x00007ffa99da9000 	C:\WINDOWS\SYSTEM32\WSOCK32.dll
0x00007ffabf3c0000 - 0x00007ffabf42b000 	C:\WINDOWS\System32\WS2_32.dll
0x00007ffabb7a0000 - 0x00007ffabb7b2000 	C:\WINDOWS\SYSTEM32\kernel.appcore.dll
0x00007ffab2600000 - 0x00007ffab260a000 	C:\Program Files\Java\jdk-17\bin\jimage.dll

dbghelp: loading error: 1455
symbol engine: initialization error.

VM Arguments:
java_command: <unknown>
java_class_path (initial): <not set>
Launcher Type: SUN_STANDARD

[Global flags]
     bool UseLargePagesIndividualAllocation        = false                                  {pd product} {ergonomic}

Logging:
Log output configuration:
 #0: stdout all=warning uptime,level,tags
 #1: stderr all=off uptime,level,tags

Environment Variables:
PATH=C:\Program Files\Common Files\Oracle\Java\javapath;C:\Python312\Scripts\;C:\Python312\;C:\Program Files\AdoptOpenJDK\jdk-11.0.11.9-hotspot\bin;C:\WINDOWS\system32;C:\WINDOWS;C:\WINDOWS\System32\Wbem;C:\WINDOWS\System32\WindowsPowerShell\v1.0\;C:\WINDOWS\System32\OpenSSH\;C:\Program Files\dotnet\;C:\Program Files\Microsoft SQL Server\130\Tools\Binn\;C:\Program Files\Microsoft SQL Server\Client SDK\ODBC\170\Tools\Binn\;C:\Program Files\Git\cmd;C:\Program Files (x86)\Microsoft SQL Server\150\Tools\Binn\;C:\Program Files\Microsoft SQL Server\150\Tools\Binn\;C:\Program Files\Microsoft SQL Server\150\DTS\Binn\;C:\Program Files (x86)\Microsoft SQL Server\150\DTS\Binn\;C:\Program Files\Azure Data Studio\bin;C:\ProgramData\chocolatey\bin;C:\Program Files (x86)\dotnet\;C:\Program Files\Docker\Docker\resources\bin;C:\ProgramData\DockerDesktop\version-bin;C:\Program Files\nodejs\;C:\Program Files (x86)\IVI Foundation\VISA\WinNT\Bin\;C:\Program Files\IVI Foundation\VISA\Win64\Bin\;C:\Program Files (x86)\IVI Foundation\VISA\WinNT\Bin;C:\Program Files (x86)\IVI Foundation\IVI\Bin\;C:\Program Files\IVI Foundation\IVI\Bin\;C:\Program Files (x86)\Windows Kits\10\Windows Performance Toolkit\;C:\Users\DANIELA MENDOZA\AppData\Local\Programs\Python\Python39\Scripts\;C:\Users\DANIELA MENDOZA\AppData\Local\Programs\Python\Python39\;C:\Users\DANIELA MENDOZA\AppData\Local\Microsoft\WindowsApps;C:\Users\DANIELA MENDOZA\.dotnet\tools;C:\Users\DANIELA MENDOZA\AppData\Local\Programs\Microsoft VS Code\bin;C:\Program Files\Azure Data Studio\bin;C:\Users\DANIELA MENDOZA\AppData\Roaming\npm
USERNAME=DANIELA MENDOZA
OS=Windows_NT
PROCESSOR_IDENTIFIER=Intel64 Family 6 Model 126 Stepping 5, GenuineIntel



---------------  S Y S T E M  ---------------

OS:
 Windows 10 , 64 bit Build 19041 (10.0.19041.4842)
OS uptime: 3 days 17:03 hours

CPU: total 4 (initial active 0) 

Memory: 4k page, system-wide physical 3784M (55M free)
TotalPageFile size 15560M (AvailPageFile size 4M)
current process WorkingSet (physical memory assigned to process): 6M, peak: 6M
current process commit charge ("private bytes"): 2M, peak: 2M

vm_info: Java HotSpot(TM) 64-Bit Server VM (17.0.11+7-LTS-207) for windows-amd64 JRE (17.0.11+7-LTS-207), built on Mar 11 2024 19:01:50 by "mach5one" with MS VC++ 17.6 (VS2022)

END.
